2025-05-21 16:37:01,211 오류 발생: 요소를 찾을 수 없음: Message: no such element: Unable to locate element: {"method":"css selector","selector":"[name="username"]"}
  (Session info: chrome=136.0.7103.114); For documentation on this error, please visit: https://www.selenium.dev/documentation/webdriver/troubleshooting/errors#no-such-element-exception
Stacktrace:
	GetHandleVerifier [0x00007FF7D2F8CF65+75717]
	GetHandleVerifier [0x00007FF7D2F8CFC0+75808]
	(No symbol) [0x00007FF7D2D58F9A]
	(No symbol) [0x00007FF7D2DAF4C6]
	(No symbol) [0x00007FF7D2DAF77C]
	(No symbol) [0x00007FF7D2E02577]
	(No symbol) [0x00007FF7D2DD73BF]
	(No symbol) [0x00007FF7D2DFF39C]
	(No symbol) [0x00007FF7D2DD7153]
	(No symbol) [0x00007FF7D2DA0421]
	(No symbol) [0x00007FF7D2DA11B3]
	GetHandleVerifier [0x00007FF7D328D74D+3223469]
	GetHandleVerifier [0x00007FF7D3287CF2+3200338]
	GetHandleVerifier [0x00007FF7D32A5B23+3322755]
	GetHandleVerifier [0x00007FF7D2FA6A3A+180890]
	GetHandleVerifier [0x00007FF7D2FAE13F+211359]
	GetHandleVerifier [0x00007FF7D2F952B4+109332]
	GetHandleVerifier [0x00007FF7D2F95462+109762]
	GetHandleVerifier [0x00007FF7D2F7BA79+4825]
	BaseThreadInitThunk [0x00007FFBD30FE8D7+23]
	RtlUserThreadStart [0x00007FFBD48BC5DC+44]

2025-05-21 16:47:30,422 \U0001f510 로그인 시도 중...
2025-05-21 16:47:40,486 \u274c 로그인 폼을 찾을 수 없습니다. 수동 로그인 후 다시 시도하세요.
2025-05-21 16:47:45,609 \U0001f9f9 브라우저 세션 종료
2025-05-21 16:49:54,549 \U0001f510 로그인 시도 중...
2025-05-21 16:50:04,605 \u274c 로그인 폼을 찾을 수 없습니다. 수동 로그인 후 다시 시도하세요.
2025-05-21 16:50:08,005 \U0001f9f9 브라우저 세션 종료
2025-05-21 16:55:21,604 \U0001f510 로그인 시도 중...
2025-05-21 16:55:22,262 \u2705 로그인 시도 완료
2025-05-21 16:55:25,289 \u26a0\ufe0f 출근 버튼이 비활성화 상태입니다
2025-05-21 16:55:27,488 \U0001f9f9 브라우저 세션 종료
2025-05-21 16:59:05,447 \U0001f510 로그인 시도 중...
2025-05-21 16:59:06,163 \u2705 로그인 시도 완료
2025-05-21 16:59:09,189 \u26a0\ufe0f 출근 버튼이 비활성화 상태입니다
2025-05-21 16:59:11,420 \U0001f9f9 브라우저 세션 종료
2025-05-21 17:22:33,687 ====== WebDriver manager ======
2025-05-21 17:22:35,464 Get LATEST chromedriver version for google-chrome
2025-05-21 17:22:35,520 Get LATEST chromedriver version for google-chrome
2025-05-21 17:22:35,532 There is no [win64] chromedriver "136.0.7103.94" for browser google-chrome "136.0.7103" in cache
2025-05-21 17:22:35,533 Get LATEST chromedriver version for google-chrome
2025-05-21 17:22:35,588 WebDriver version 136.0.7103.94 selected
2025-05-21 17:22:35,593 Modern chrome version https://storage.googleapis.com/chrome-for-testing-public/136.0.7103.94/win32/chromedriver-win32.zip
2025-05-21 17:22:35,593 About to download new driver from https://storage.googleapis.com/chrome-for-testing-public/136.0.7103.94/win32/chromedriver-win32.zip
2025-05-21 17:22:35,677 Driver downloading response is 200
2025-05-21 17:22:35,809 Get LATEST chromedriver version for google-chrome
2025-05-21 17:22:35,951 Driver has been saved in cache [C:\Users\monthlykitchen\.wdm\drivers\chromedriver\win64\136.0.7103.94]
2025-05-21 17:22:38,848 \U0001f510 로그인 시도 중...
2025-05-21 17:22:39,473 \u2705 로그인 시도 완료
2025-05-21 17:22:42,498 \u26a0\ufe0f 출근 버튼이 비활성화 상태입니다
2025-05-21 17:22:44,734 \U0001f9f9 브라우저 세션 종료
